<?xml version="1.0" encoding="UTF-8"?>
<!-- Generated by org.testng.reporters.JUnitXMLReporter -->
<testsuite hostname="LAPTOP-5F1O7FD6" ignored="0" name="Default test" tests="3" failures="0" timestamp="2020-03-02T22:45:10 CST" time="0.083" errors="0">
  <testcase name="stepOne" time="0.019" classname="com.class01.DifferentAnnotations"/>
  <testcase name="stepTwo" time="0.002" classname="com.class01.DifferentAnnotations"/>
  <testcase name="stepThree" time="0.002" classname="com.class01.DifferentAnnotations"/>
</testsuite> <!-- Default test -->
