<?xml version="1.0" encoding="UTF-8"?>
<!-- Generated by org.testng.reporters.JUnitXMLReporter -->
<testsuite ignored="27" hostname="LAPTOP-5F1O7FD6" failures="2" tests="3" name="Smoke Test" time="41.479" errors="0" timestamp="2020-01-16T21:37:27 CST">
  <testcase classname="com.class02.SoftAssertionGroup" name="logoAndLogin" time="2.761">
    <failure type="java.lang.AssertionError" message="The following asserts failed:
	Logo is NOT displayed did not expect to find [true] but found [false]">
      <![CDATA[java.lang.AssertionError: The following asserts failed:
Logo is NOT displayed did not expect to find [true] but found [false]
at com.class02.SoftAssertionGroup.logoAndLogin(SoftAssertionGroup.java:43)
at java.base/java.util.ArrayList.forEach(ArrayList.java:1540)
... Removed 29 stack frames]]>
    </failure>
  </testcase> <!-- logoAndLogin -->
  <testcase classname="com.class02.AssertionGroups" name="titleValidation" time="0.016">
    <failure type="java.lang.AssertionError" message="Titles are NOT matched expected [Human Management Systems] but found [Human Management System]">
      <![CDATA[java.lang.AssertionError: Titles are NOT matched expected [Human Management Systems] but found [Human Management System]
at com.class02.AssertionGroups.titleValidation(AssertionGroups.java:25)
at java.base/java.util.ArrayList.forEach(ArrayList.java:1540)
... Removed 31 stack frames]]>
    </failure>
  </testcase> <!-- titleValidation -->
  <testcase classname="com.class3.Groups" name="validLogin" time="2.433"/>
  <testcase classname="com.class01.DifferentAnnotations" name="test" time="0.0">
    <ignored/>
  </testcase> <!-- test -->
  <testcase classname="com.class01.Task2Annotations" name="test2" time="0.0">
    <ignored/>
  </testcase> <!-- test2 -->
  <testcase classname="com.class01.TestNG" name="testOne" time="0.0">
    <ignored/>
  </testcase> <!-- testOne -->
  <testcase classname="com.class3.HWDataProvider" name="addEmp" time="0.0">
    <ignored/>
  </testcase> <!-- addEmp -->
  <testcase classname="com.class02.AssertionDemo" name="logoValidation" time="0.0">
    <ignored/>
  </testcase> <!-- logoValidation -->
  <testcase classname="com.class3.Groups" name="titleValidation" time="0.0">
    <ignored/>
  </testcase> <!-- titleValidation -->
  <testcase classname="com.class3.AlwaysRun" name="testMethod1" time="0.0">
    <ignored/>
  </testcase> <!-- testMethod1 -->
  <testcase classname="com.class3.DataProviderDemo" name="login" time="0.0">
    <ignored/>
  </testcase> <!-- login -->
  <testcase classname="com.class01.HWTestNG" name="logoisDisplayed" time="0.0">
    <ignored/>
  </testcase> <!-- logoisDisplayed -->
  <testcase classname="com.class02.TestCase1" name="verifyLabel" time="0.0">
    <ignored/>
  </testcase> <!-- verifyLabel -->
  <testcase classname="com.class3.AlwaysRun" name="testMethod" time="0.0">
    <ignored/>
  </testcase> <!-- testMethod -->
  <testcase classname="com.class01.HWTestNG" name="negativeTest" time="0.0">
    <ignored/>
  </testcase> <!-- negativeTest -->
  <testcase classname="com.class02.TaskAssertion" name="logoisDisplayed" time="0.0">
    <ignored/>
  </testcase> <!-- logoisDisplayed -->
  <testcase classname="com.class01.TitleLogoAndLoginVerification" name="titleValidation" time="0.0">
    <ignored/>
  </testcase> <!-- titleValidation -->
  <testcase classname="com.class01.Task1" name="storm" time="0.0">
    <ignored/>
  </testcase> <!-- storm -->
  <testcase classname="com.class02.TaskAssertion" name="negativeTest" time="0.0">
    <ignored/>
  </testcase> <!-- negativeTest -->
  <testcase classname="com.class01.Task1" name="rain" time="0.0">
    <ignored/>
  </testcase> <!-- rain -->
  <testcase classname="com.class02.AssertionDemo" name="titleValidation" time="0.0">
    <ignored/>
  </testcase> <!-- titleValidation -->
  <testcase classname="com.class02.AssertionGroups" name="logoValidation" time="0.0">
    <ignored/>
  </testcase> <!-- logoValidation -->
  <testcase classname="com.class01.TitleLogoAndLoginVerification" name="validLogin" time="0.0">
    <ignored/>
  </testcase> <!-- validLogin -->
  <testcase classname="com.class01.Task1" name="snow" time="0.0">
    <ignored/>
  </testcase> <!-- snow -->
  <testcase classname="com.class01.TestNG" name="testThree" time="0.0">
    <ignored/>
  </testcase> <!-- testThree -->
  <testcase classname="com.class01.Task2Annotations" name="test1" time="0.0">
    <ignored/>
  </testcase> <!-- test1 -->
  <testcase classname="com.class3.Groups" name="logoValidation" time="0.0">
    <ignored/>
  </testcase> <!-- logoValidation -->
  <testcase classname="com.class01.TestNG" name="testTwo" time="0.0">
    <ignored/>
  </testcase> <!-- testTwo -->
  <testcase classname="com.class02.SoftAssertionDemo" name="logoAndLogin" time="0.0">
    <ignored/>
  </testcase> <!-- logoAndLogin -->
  <testcase classname="com.class01.TitleLogoAndLoginVerification" name="logoValidation" time="0.0">
    <ignored/>
  </testcase> <!-- logoValidation -->
</testsuite> <!-- Smoke Test -->
