<?xml version="1.0" encoding="UTF-8"?>
<!-- Generated by org.testng.reporters.JUnitXMLReporter -->
<testsuite ignored="1" hostname="LAPTOP-5F1O7FD6" failures="0" tests="1" name="Regression Test" time="12.565" errors="0" timestamp="2020-01-17T23:20:15 CST">
  <testcase classname="com.class4.LoginAndTitle" name="logoValidation" time="0.143"/>
  <testcase classname="com.class4.LoginAndTitle" name="titleValidation" time="0.0">
    <ignored/>
  </testcase> <!-- titleValidation -->
</testsuite> <!-- Regression Test -->
