<?xml version="1.0" encoding="UTF-8"?>
<testng-results skipped="0" failed="0" ignored="0" total="3" passed="3">
  <reporter-output>
  </reporter-output>
  <suite name="Default suite" duration-ms="83" started-at="2020-03-02T22:45:10 CST" finished-at="2020-03-02T22:45:10 CST">
    <groups>
    </groups>
    <test name="Default test" duration-ms="83" started-at="2020-03-02T22:45:10 CST" finished-at="2020-03-02T22:45:10 CST">
      <class name="com.class01.DifferentAnnotations">
        <test-method status="PASS" signature="stepOne()[pri:0, instance:com.class01.DifferentAnnotations@20398b7c]" name="stepOne" duration-ms="19" started-at="2020-03-02T22:45:10 CST" finished-at="2020-03-02T22:45:10 CST">
          <reporter-output>
          </reporter-output>
        </test-method> <!-- stepOne -->
        <test-method status="PASS" signature="stepTwo()[pri:0, instance:com.class01.DifferentAnnotations@20398b7c]" name="stepTwo" duration-ms="2" started-at="2020-03-02T22:45:10 CST" depends-on-methods="com.class01.DifferentAnnotations.stepOne" finished-at="2020-03-02T22:45:10 CST">
          <reporter-output>
          </reporter-output>
        </test-method> <!-- stepTwo -->
        <test-method status="PASS" signature="stepThree()[pri:0, instance:com.class01.DifferentAnnotations@20398b7c]" name="stepThree" duration-ms="2" started-at="2020-03-02T22:45:10 CST" depends-on-methods="com.class01.DifferentAnnotations.stepTwo, com.class01.DifferentAnnotations.stepOne" finished-at="2020-03-02T22:45:10 CST">
          <reporter-output>
          </reporter-output>
        </test-method> <!-- stepThree -->
      </class> <!-- com.class01.DifferentAnnotations -->
    </test> <!-- Default test -->
  </suite> <!-- Default suite -->
</testng-results>
